Using pre-set license
Built from '2021.3/evg/staging/82bb020e-b03b1330/draft-0' branch; Version is '2021.3.16f1 (4016570cf34f) revision 4200023'; Using compiler version '192829333'; Build Type 'Release'
OS: 'Windows 11  (10.0.26100) 64bit CoreSingleLanguage' Language: 'en' Physical Memory: 7930 MB
BatchMode: 1, IsHumanControllingUs: 0, StartBugReporterOnCrash: 0, Is64bit: 1, IsPro: 1

COMMAND LINE ARGUMENTS:
C:\Program Files\Unity\Hub\Editor\2021.3.16f1\Editor\Unity.exe
-adb2
-batchMode
-noUpm
-name
AssetImportWorker0
-projectPath
D:/Game devs/CypherPong3D
-logFile
Logs/AssetImportWorker0.log
-srvPort
51720
Successfully changed project path to: D:/Game devs/CypherPong3D
D:/Game devs/CypherPong3D
[UnityMemory] Configuration Parameters - Can be set up in boot.config
    "memorysetup-bucket-allocator-granularity=16"
    "memorysetup-bucket-allocator-bucket-count=8"
    "memorysetup-bucket-allocator-block-size=33554432"
    "memorysetup-bucket-allocator-block-count=8"
    "memorysetup-main-allocator-block-size=16777216"
    "memorysetup-thread-allocator-block-size=16777216"
    "memorysetup-gfx-main-allocator-block-size=16777216"
    "memorysetup-gfx-thread-allocator-block-size=16777216"
    "memorysetup-cache-allocator-block-size=4194304"
    "memorysetup-typetree-allocator-block-size=2097152"
    "memorysetup-profiler-bucket-allocator-granularity=16"
    "memorysetup-profiler-bucket-allocator-bucket-count=8"
    "memorysetup-profiler-bucket-allocator-block-size=33554432"
    "memorysetup-profiler-bucket-allocator-block-count=8"
    "memorysetup-profiler-allocator-block-size=16777216"
    "memorysetup-profiler-editor-allocator-block-size=1048576"
    "memorysetup-temp-allocator-size-main=16777216"
    "memorysetup-job-temp-allocator-block-size=2097152"
    "memorysetup-job-temp-allocator-block-size-background=1048576"
    "memorysetup-job-temp-allocator-reduction-small-platforms=262144"
    "memorysetup-temp-allocator-size-background-worker=32768"
    "memorysetup-temp-allocator-size-job-worker=262144"
    "memorysetup-temp-allocator-size-preload-manager=33554432"
    "memorysetup-temp-allocator-size-nav-mesh-worker=65536"
    "memorysetup-temp-allocator-size-audio-worker=65536"
    "memorysetup-temp-allocator-size-cloud-worker=32768"
    "memorysetup-temp-allocator-size-gi-baking-worker=262144"
    "memorysetup-temp-allocator-size-gfx=262144"
Player connection [30028] Host "[IP] 192.168.1.5 [Port] 0 [Flags] 2 [Guid] 408833633 [EditorId] 408833633 [Version] 1048832 [Id] WindowsEditor(7,LAPTOP-P8KI6ULB) [Debug] 1 [PackageName] WindowsEditor [ProjectName] Editor" joined multi-casting on [225.0.0.222:54997]...

Player connection [30028] Host "[IP] 192.168.1.5 [Port] 0 [Flags] 2 [Guid] 408833633 [EditorId] 408833633 [Version] 1048832 [Id] WindowsEditor(7,LAPTOP-P8KI6ULB) [Debug] 1 [PackageName] WindowsEditor [ProjectName] Editor" joined alternative multi-casting on [225.0.0.222:34997]...

Refreshing native plugins compatible for Editor in 65.97 ms, found 3 plugins.
Preloading 0 native plugins for Editor in 0.00 ms.
Initialize engine version: 2021.3.16f1 (4016570cf34f)
[Subsystems] Discovering subsystems at path C:/Program Files/Unity/Hub/Editor/2021.3.16f1/Editor/Data/Resources/UnitySubsystems
[Subsystems] Discovering subsystems at path D:/Game devs/CypherPong3D/Assets
GfxDevice: creating device client; threaded=0; jobified=0
Direct3D:
    Version:  Direct3D 11.0 [level 11.1]
    Renderer: NVIDIA GeForce RTX 2050 (ID=0x25ad)
    Vendor:   NVIDIA
    VRAM:     3964 MB
    Driver:   32.0.15.6607
Initialize mono
Mono path[0] = 'C:/Program Files/Unity/Hub/Editor/2021.3.16f1/Editor/Data/Managed'
Mono path[1] = 'C:/Program Files/Unity/Hub/Editor/2021.3.16f1/Editor/Data/MonoBleedingEdge/lib/mono/unityjit-win32'
Mono config path = 'C:/Program Files/Unity/Hub/Editor/2021.3.16f1/Editor/Data/MonoBleedingEdge/etc'
Using monoOptions --debugger-agent=transport=dt_socket,embedding=1,server=y,suspend=n,address=127.0.0.1:56940
Begin MonoManager ReloadAssembly
Registering precompiled unity dll's ...
Register platform support module: C:/Program Files/Unity/Hub/Editor/2021.3.16f1/Editor/Data/PlaybackEngines/WindowsStandaloneSupport/UnityEditor.WindowsStandalone.Extensions.dll
Registered in 0.006391 seconds.
Native extension for WindowsStandalone target not found
Refreshing native plugins compatible for Editor in 65.44 ms, found 3 plugins.
Preloading 0 native plugins for Editor in 0.00 ms.
Mono: successfully reloaded assembly
- Completed reload, in  0.622 seconds
Domain Reload Profiling:
	ReloadAssembly (622ms)
		BeginReloadAssembly (81ms)
			ExecutionOrderSort (0ms)
			DisableScriptedObjects (0ms)
			BackupInstance (0ms)
			ReleaseScriptingObjects (0ms)
			CreateAndSetChildDomain (1ms)
		EndReloadAssembly (434ms)
			LoadAssemblies (78ms)
			RebuildTransferFunctionScriptingTraits (0ms)
			SetupTypeCache (112ms)
			ReleaseScriptCaches (0ms)
			RebuildScriptCaches (27ms)
			SetupLoadedEditorAssemblies (244ms)
				LogAssemblyErrors (0ms)
				InitializePlatformSupportModulesInManaged (9ms)
				SetLoadedEditorAssemblies (0ms)
				RefreshPlugins (66ms)
				BeforeProcessingInitializeOnLoad (2ms)
				ProcessInitializeOnLoadAttributes (124ms)
				ProcessInitializeOnLoadMethodAttributes (43ms)
				AfterProcessingInitializeOnLoad (0ms)
				EditorAssembliesLoaded (0ms)
			ExecutionOrderSort2 (0ms)
			AwakeInstancesAfterBackupRestoration (0ms)
Platform modules already initialized, skipping
Registering precompiled user dll's ...
Registered in 0.005528 seconds.
Begin MonoManager ReloadAssembly
Native extension for WindowsStandalone target not found
Refreshing native plugins compatible for Editor in 0.49 ms, found 3 plugins.
Preloading 0 native plugins for Editor in 0.00 ms.
Mono: successfully reloaded assembly
- Completed reload, in  0.908 seconds
Domain Reload Profiling:
	ReloadAssembly (909ms)
		BeginReloadAssembly (120ms)
			ExecutionOrderSort (0ms)
			DisableScriptedObjects (5ms)
			BackupInstance (0ms)
			ReleaseScriptingObjects (0ms)
			CreateAndSetChildDomain (20ms)
		EndReloadAssembly (689ms)
			LoadAssemblies (110ms)
			RebuildTransferFunctionScriptingTraits (0ms)
			SetupTypeCache (219ms)
			ReleaseScriptCaches (1ms)
			RebuildScriptCaches (40ms)
			SetupLoadedEditorAssemblies (311ms)
				LogAssemblyErrors (0ms)
				InitializePlatformSupportModulesInManaged (5ms)
				SetLoadedEditorAssemblies (0ms)
				RefreshPlugins (1ms)
				BeforeProcessingInitializeOnLoad (62ms)
				ProcessInitializeOnLoadAttributes (219ms)
				ProcessInitializeOnLoadMethodAttributes (16ms)
				AfterProcessingInitializeOnLoad (9ms)
				EditorAssembliesLoaded (0ms)
			ExecutionOrderSort2 (0ms)
			AwakeInstancesAfterBackupRestoration (6ms)
Platform modules already initialized, skipping
========================================================================
Worker process is ready to serve import requests
Launched and connected shader compiler UnityShaderCompiler.exe after 0.07 seconds
Refreshing native plugins compatible for Editor in 0.74 ms, found 3 plugins.
Preloading 0 native plugins for Editor in 0.00 ms.
Unloading 3100 Unused Serialized files (Serialized files now loaded: 0)
Unloading 23 unused Assets / (56.1 KB). Loaded Objects now: 3561.
Memory consumption went from 109.3 MB to 109.2 MB.
Total: 4.343800 ms (FindLiveObjects: 0.536700 ms CreateObjectMapping: 0.246800 ms MarkObjects: 3.420000 ms  DeleteObjects: 0.137000 ms)

AssetImportParameters requested are different than current active one (requested -> active):
  custom:video-decoder-ogg-theora: a1e56fd34408186e4bbccfd4996cb3dc -> 
  custom:container-muxer-webm: aa71ff27fc2769a1b78a27578f13a17b -> 
  custom:container-demuxer-webm: 4f35f7cbe854078d1ac9338744f61a02 -> 
  custom:video-encoder-webm-vp8: eb34c28f22e8b96e1ab97ce403110664 -> 
  custom:video-codec-MediaFoundation-h265: 746d11721c4dcdbdad8f713fa42b33f4 -> 
  custom:audio-encoder-webm-vorbis: bf7c407c2cedff20999df2af8eb42d56 -> 
  custom:framework-win-MediaFoundation: 216162199b28c13a410421893ffa2e32 -> 
  custom:container-demuxer-ogg: 62fdf1f143b41e24485cea50d1cbac27 -> 
  custom:video-decoder-webm-vp8: 9c59270c3fd7afecdb556c50c9e8de78 -> 
  custom:audio-decoder-ogg-vorbis: bf7c407c2cedff20999df2af8eb42d56 -> 
========================================================================
Received Import Request.
  Time since last request: 418421.144274 seconds.
  path: Assets/Art/Models/Arena.fbx
  artifactKey: Guid(03fa2700ed77c4f989d4c1e8642ca921) Importer(815301076,1909f56bfc062723c751e8b465ee728b)
Start importing Assets/Art/Models/Arena.fbx using Guid(03fa2700ed77c4f989d4c1e8642ca921) Importer(815301076,1909f56bfc062723c751e8b465ee728b)  -> (artifact id: 'c369d403b5803fc3bd111da175ce9958') in 0.336609 seconds 
========================================================================
Received Import Request.
  Time since last request: 12.970078 seconds.
  path: Assets/CyberPong3D_Starter/Arena.prefab
  artifactKey: Guid(621b95eeb34474f21a5e5ebb21f57bd0) Importer(815301076,1909f56bfc062723c751e8b465ee728b)
Start importing Assets/CyberPong3D_Starter/Arena.prefab using Guid(621b95eeb34474f21a5e5ebb21f57bd0) Importer(815301076,1909f56bfc062723c751e8b465ee728b)  -> (artifact id: '14abc654ba3f9c02c6e957f4c7102b6c') in 0.019889 seconds 
========================================================================
Received Import Request.
  Time since last request: 0.002996 seconds.
  path: Assets/CyberPong3D_Starter/PlayerTwo.prefab
  artifactKey: Guid(a24d2f7cf460541c99ea401ab475caa4) Importer(815301076,1909f56bfc062723c751e8b465ee728b)
Start importing Assets/CyberPong3D_Starter/PlayerTwo.prefab using Guid(a24d2f7cf460541c99ea401ab475caa4) Importer(815301076,1909f56bfc062723c751e8b465ee728b)  -> (artifact id: '1f629deb8cf9acaee511ea8e32a07e0a') in 0.052421 seconds 
========================================================================
Received Import Request.
  Time since last request: 0.000104 seconds.
  path: Assets/CyberPong3D_Starter/StarterCountdown.prefab
  artifactKey: Guid(cad0e498496594605b72a92d43bdb441) Importer(815301076,1909f56bfc062723c751e8b465ee728b)
Start importing Assets/CyberPong3D_Starter/StarterCountdown.prefab using Guid(cad0e498496594605b72a92d43bdb441) Importer(815301076,1909f56bfc062723c751e8b465ee728b)  -> (artifact id: '1e8ebc1c1dd932e1d58f5ad0b9bdc904') in 0.011950 seconds 
========================================================================
Received Import Request.
  Time since last request: 0.000033 seconds.
  path: Assets/CyberPong3D_Starter/Player.prefab
  artifactKey: Guid(8ba30c583e9114c27ba0c3ee746ab675) Importer(815301076,1909f56bfc062723c751e8b465ee728b)
Start importing Assets/CyberPong3D_Starter/Player.prefab using Guid(8ba30c583e9114c27ba0c3ee746ab675) Importer(815301076,1909f56bfc062723c751e8b465ee728b)  -> (artifact id: '2830b798e757a140482858f259e6eee3') in 0.014027 seconds 
========================================================================
Received Import Request.
  Time since last request: 568.177063 seconds.
  path: Assets/Art/Materials/CyberPong_Arena.psd
  artifactKey: Guid(117ae82fd5bd84b2d8ce1803d655ef07) Importer(815301076,1909f56bfc062723c751e8b465ee728b)
Start importing Assets/Art/Materials/CyberPong_Arena.psd using Guid(117ae82fd5bd84b2d8ce1803d655ef07) Importer(815301076,1909f56bfc062723c751e8b465ee728b)  -> (artifact id: '16756e2c33882e1880870a94b0c66dcd') in 0.204189 seconds 
========================================================================
Received Import Request.
  Time since last request: 0.000296 seconds.
  path: Assets/Art/Materials/EngineBlue.mat
  artifactKey: Guid(bb2386cc8addf472f99ada9926b7c3d8) Importer(815301076,1909f56bfc062723c751e8b465ee728b)
Start importing Assets/Art/Materials/EngineBlue.mat using Guid(bb2386cc8addf472f99ada9926b7c3d8) Importer(815301076,1909f56bfc062723c751e8b465ee728b)  -> (artifact id: 'ca233d31e51eb8993968e6bb003febec') in 0.031380 seconds 
========================================================================
Received Import Request.
  Time since last request: 0.000046 seconds.
  path: Assets/Art/Materials/Racket_2.mat
  artifactKey: Guid(fcf471bdd72d74c51a79652e1ffd00f7) Importer(815301076,1909f56bfc062723c751e8b465ee728b)
Start importing Assets/Art/Materials/Racket_2.mat using Guid(fcf471bdd72d74c51a79652e1ffd00f7) Importer(815301076,1909f56bfc062723c751e8b465ee728b)  -> (artifact id: '7a35540e67a9ad6309fbfbd669c63fda') in 0.012653 seconds 
========================================================================
Received Import Request.
  Time since last request: 0.000024 seconds.
  path: Assets/Art/Materials/EngineGreen.mat
  artifactKey: Guid(7ae18ed6a072d44d3b66a8f5cc8bb05c) Importer(815301076,1909f56bfc062723c751e8b465ee728b)
Start importing Assets/Art/Materials/EngineGreen.mat using Guid(7ae18ed6a072d44d3b66a8f5cc8bb05c) Importer(815301076,1909f56bfc062723c751e8b465ee728b)  -> (artifact id: 'b8e5ff2020b28eb69d5d1b9501129843') in 0.013322 seconds 
========================================================================
Received Import Request.
  Time since last request: 0.000029 seconds.
  path: Assets/Art/Materials/Racket_1.mat
  artifactKey: Guid(da9f74edb7d634ae4990b3a3d7ba318f) Importer(815301076,1909f56bfc062723c751e8b465ee728b)
Start importing Assets/Art/Materials/Racket_1.mat using Guid(da9f74edb7d634ae4990b3a3d7ba318f) Importer(815301076,1909f56bfc062723c751e8b465ee728b)  -> (artifact id: '41023786d92581274efeb778a9be3f79') in 0.015429 seconds 
========================================================================
Received Import Request.
  Time since last request: 1281.526644 seconds.
  path: Assets/Scenes
  artifactKey: Guid(a88615ceb1ecb8043942127217f1b85c) Importer(815301076,1909f56bfc062723c751e8b465ee728b)
Start importing Assets/Scenes using Guid(a88615ceb1ecb8043942127217f1b85c) Importer(815301076,1909f56bfc062723c751e8b465ee728b)  -> (artifact id: '13b6f1b3202601ddd1bffc192c2be4f2') in 0.010899 seconds 
========================================================================
Received Import Request.
  Time since last request: 0.629317 seconds.
  path: Assets/CyberPong3D_Starter
  artifactKey: Guid(415c8b763c2204693b322694b00e39da) Importer(815301076,1909f56bfc062723c751e8b465ee728b)
Start importing Assets/CyberPong3D_Starter using Guid(415c8b763c2204693b322694b00e39da) Importer(815301076,1909f56bfc062723c751e8b465ee728b)  -> (artifact id: '4dbeff9ded835239afea0468e62576ef') in 0.002518 seconds 
